<?xml version="1.0" encoding="UTF-8"?>
<!-- Generated by org.testng.reporters.JUnitReportReporter -->
<testsuite hostname="LAPTOP-7NPDJIQT" failures="0" tests="1" name="test_class.TestClass1" time="37.296" errors="0" timestamp="2024-04-18T22:47:53 IST" skipped="0">
  <testcase classname="test_class.TestClass1" name="verifyUserCanSelectProductWithOutLogin" time="37.296"/>
  <system-out/>
</testsuite> <!-- test_class.TestClass1 -->
